{
  "/Users/virginiebellec/VSCode/OC/projet_4_yoga_app/yoga-app-frontend/src/polyfills.ts": {
    "path": "/Users/virginiebellec/VSCode/OC/projet_4_yoga_app/yoga-app-frontend/src/polyfills.ts",
    "statementMap": {},
    "fnMap": {},
    "branchMap": {},
    "s": {},
    "f": {},
    "b": {},
    "inputSourceMap": {
      "version": 3,
      "names": [],
      "sources": [
        "/Users/virginiebellec/VSCode/OC/projet_4_yoga_app/yoga-app-frontend/src/polyfills.ts"
      ],
      "sourcesContent": [
        "/**\n * This file includes polyfills needed by Angular and is loaded before the app.\n * You can add your own extra polyfills to this file.\n *\n * This file is divided into 2 sections:\n *   1. Browser polyfills. These are applied before loading ZoneJS and are sorted by browsers.\n *   2. Application imports. Files imported after ZoneJS that should be loaded before your main\n *      file.\n *\n * The current setup is for so-called \"evergreen\" browsers; the last versions of browsers that\n * automatically update themselves. This includes recent versions of Safari, Chrome (including\n * Opera), Edge on the desktop, and iOS and Chrome on mobile.\n *\n * Learn more in https://angular.io/guide/browser-support\n */\n\n/***************************************************************************************************\n * BROWSER POLYFILLS\n */\n\n/**\n * By default, zone.js will patch all possible macroTask and DomEvents\n * user can disable parts of macroTask/DomEvents patch by setting following flags\n * because those flags need to be set before `zone.js` being loaded, and webpack\n * will put import in the top of bundle, so user need to create a separate file\n * in this directory (for example: zone-flags.ts), and put the following flags\n * into that file, and then add the following code before importing zone.js.\n * import './zone-flags';\n *\n * The flags allowed in zone-flags.ts are listed here.\n *\n * The following flags will work for all browsers.\n *\n * (window as any).__Zone_disable_requestAnimationFrame = true; // disable patch requestAnimationFrame\n * (window as any).__Zone_disable_on_property = true; // disable patch onProperty such as onclick\n * (window as any).__zone_symbol__UNPATCHED_EVENTS = ['scroll', 'mousemove']; // disable patch specified eventNames\n *\n *  in IE/Edge developer tools, the addEventListener will also be wrapped by zone.js\n *  with the following flag, it will bypass `zone.js` patch for IE/Edge\n *\n *  (window as any).__Zone_enable_cross_context_check = true;\n *\n */\n\n/***************************************************************************************************\n * Zone JS is required by default for Angular itself.\n */\nimport 'zone.js';  // Included with Angular CLI.\n\n\n/***************************************************************************************************\n * APPLICATION IMPORTS\n */\n"
      ],
      "mappings": "AAAA;;;;;;;;;;;;;;;AAgBA;;;AAIA;;;;;;;;;;;;;;;;;;;;;;;AAwBA;;;AAGA,OAAO,SAAS,CAAC,CAAE;AAGnB",
      "ignoreList": []
    },
    "_coverageSchema": "1a1c01bbd47fc00a2c39e90264f33305004495a9",
    "hash": "cb25fab0ed78502b3b92522b6a62a72d4052697d"
  },
  "/Users/virginiebellec/VSCode/OC/projet_4_yoga_app/yoga-app-frontend/src/app/core/service/session.service.ts": {
    "path": "/Users/virginiebellec/VSCode/OC/projet_4_yoga_app/yoga-app-frontend/src/app/core/service/session.service.ts",
    "statementMap": {
      "0": {
        "start": {
          "line": 3,
          "column": 41
        },
        "end": {
          "line": 39,
          "column": 4
        }
      },
      "1": {
        "start": {
          "line": 6,
          "column": 6
        },
        "end": {
          "line": 6,
          "column": 28
        }
      },
      "2": {
        "start": {
          "line": 7,
          "column": 6
        },
        "end": {
          "line": 7,
          "column": 64
        }
      },
      "3": {
        "start": {
          "line": 10,
          "column": 6
        },
        "end": {
          "line": 10,
          "column": 49
        }
      },
      "4": {
        "start": {
          "line": 13,
          "column": 6
        },
        "end": {
          "line": 13,
          "column": 37
        }
      },
      "5": {
        "start": {
          "line": 14,
          "column": 6
        },
        "end": {
          "line": 14,
          "column": 27
        }
      },
      "6": {
        "start": {
          "line": 15,
          "column": 6
        },
        "end": {
          "line": 15,
          "column": 18
        }
      },
      "7": {
        "start": {
          "line": 18,
          "column": 6
        },
        "end": {
          "line": 18,
          "column": 42
        }
      },
      "8": {
        "start": {
          "line": 19,
          "column": 6
        },
        "end": {
          "line": 19,
          "column": 28
        }
      },
      "9": {
        "start": {
          "line": 20,
          "column": 6
        },
        "end": {
          "line": 20,
          "column": 18
        }
      },
      "10": {
        "start": {
          "line": 23,
          "column": 6
        },
        "end": {
          "line": 23,
          "column": 47
        }
      },
      "11": {
        "start": {
          "line": 26,
          "column": 6
        },
        "end": {
          "line": 28,
          "column": 8
        }
      },
      "12": {
        "start": {
          "line": 27,
          "column": 8
        },
        "end": {
          "line": 27,
          "column": 59
        }
      },
      "13": {
        "start": {
          "line": 31,
          "column": 6
        },
        "end": {
          "line": 35,
          "column": 9
        }
      },
      "14": {
        "start": {
          "line": 38,
          "column": 2
        },
        "end": {
          "line": 38,
          "column": 24
        }
      }
    },
    "fnMap": {
      "0": {
        "name": "(anonymous_0)",
        "decl": {
          "start": {
            "line": 3,
            "column": 42
          },
          "end": {
            "line": 3,
            "column": 43
          }
        },
        "loc": {
          "start": {
            "line": 3,
            "column": 48
          },
          "end": {
            "line": 39,
            "column": 1
          }
        },
        "line": 3
      },
      "1": {
        "name": "(anonymous_1)",
        "decl": {
          "start": {
            "line": 5,
            "column": 4
          },
          "end": {
            "line": 5,
            "column": 5
          }
        },
        "loc": {
          "start": {
            "line": 5,
            "column": 18
          },
          "end": {
            "line": 8,
            "column": 5
          }
        },
        "line": 5
      },
      "2": {
        "name": "(anonymous_2)",
        "decl": {
          "start": {
            "line": 9,
            "column": 4
          },
          "end": {
            "line": 9,
            "column": 5
          }
        },
        "loc": {
          "start": {
            "line": 9,
            "column": 16
          },
          "end": {
            "line": 11,
            "column": 5
          }
        },
        "line": 9
      },
      "3": {
        "name": "(anonymous_3)",
        "decl": {
          "start": {
            "line": 12,
            "column": 4
          },
          "end": {
            "line": 12,
            "column": 5
          }
        },
        "loc": {
          "start": {
            "line": 12,
            "column": 16
          },
          "end": {
            "line": 16,
            "column": 5
          }
        },
        "line": 12
      },
      "4": {
        "name": "(anonymous_4)",
        "decl": {
          "start": {
            "line": 17,
            "column": 4
          },
          "end": {
            "line": 17,
            "column": 5
          }
        },
        "loc": {
          "start": {
            "line": 17,
            "column": 13
          },
          "end": {
            "line": 21,
            "column": 5
          }
        },
        "line": 17
      },
      "5": {
        "name": "(anonymous_5)",
        "decl": {
          "start": {
            "line": 22,
            "column": 4
          },
          "end": {
            "line": 22,
            "column": 5
          }
        },
        "loc": {
          "start": {
            "line": 22,
            "column": 11
          },
          "end": {
            "line": 24,
            "column": 5
          }
        },
        "line": 22
      },
      "6": {
        "name": "SessionService_Factory",
        "decl": {
          "start": {
            "line": 26,
            "column": 27
          },
          "end": {
            "line": 26,
            "column": 49
          }
        },
        "loc": {
          "start": {
            "line": 26,
            "column": 69
          },
          "end": {
            "line": 28,
            "column": 7
          }
        },
        "line": 26
      }
    },
    "branchMap": {
      "0": {
        "loc": {
          "start": {
            "line": 27,
            "column": 20
          },
          "end": {
            "line": 27,
            "column": 55
          }
        },
        "type": "binary-expr",
        "locations": [
          {
            "start": {
              "line": 27,
              "column": 20
            },
            "end": {
              "line": 27,
              "column": 37
            }
          },
          {
            "start": {
              "line": 27,
              "column": 41
            },
            "end": {
              "line": 27,
              "column": 55
            }
          }
        ],
        "line": 27
      }
    },
    "s": {
      "0": 15,
      "1": 15,
      "2": 15,
      "3": 702,
      "4": 10,
      "5": 10,
      "6": 10,
      "7": 2,
      "8": 2,
      "9": 2,
      "10": 12,
      "11": 15,
      "12": 15,
      "13": 15,
      "14": 15
    },
    "f": {
      "0": 15,
      "1": 15,
      "2": 702,
      "3": 10,
      "4": 2,
      "5": 12,
      "6": 15
    },
    "b": {
      "0": [
        15,
        15
      ]
    },
    "inputSourceMap": {
      "version": 3,
      "names": [
        "BehaviorSubject",
        "SessionService",
        "constructor",
        "isLogged",
        "isLoggedSubject",
        "$isLogged",
        "asObservable",
        "logIn",
        "user",
        "sessionInformation",
        "next",
        "logOut",
        "undefined",
        "factory",
        "ɵfac",
        "providedIn"
      ],
      "sources": [
        "/Users/virginiebellec/VSCode/OC/projet_4_yoga_app/yoga-app-frontend/src/app/core/service/session.service.ts"
      ],
      "sourcesContent": [
        "import { Injectable } from '@angular/core';\nimport { BehaviorSubject, Observable } from 'rxjs';\nimport { SessionInformation } from '../models/sessionInformation.interface';\n\n@Injectable({\n  providedIn: 'root'\n})\nexport class SessionService {\n\n  public isLogged = false;\n  public sessionInformation: SessionInformation | undefined;\n\n  private readonly isLoggedSubject = new BehaviorSubject<boolean>(this.isLogged);\n\n  public $isLogged(): Observable<boolean> {\n    return this.isLoggedSubject.asObservable();\n  }\n\n  public logIn(user: SessionInformation): void {\n    this.sessionInformation = user;\n    this.isLogged = true;\n    this.next();\n  }\n\n  public logOut(): void {\n    this.sessionInformation = undefined;\n    this.isLogged = false;\n    this.next();\n  }\n\n  private next(): void {\n    this.isLoggedSubject.next(this.isLogged);\n  }\n}\n"
      ],
      "mappings": "AACA,SAASA,eAAe,QAAoB,MAAM;;AAMlD,WAAaC,cAAc;EAArB,MAAOA,cAAc;IAH3BC,YAAA;MAKS,KAAAC,QAAQ,GAAG,KAAK;MAGN,KAAAC,eAAe,GAAG,IAAIJ,eAAe,CAAU,IAAI,CAACG,QAAQ,CAAC;;IAEvEE,SAASA,CAAA;MACd,OAAO,IAAI,CAACD,eAAe,CAACE,YAAY,EAAE;IAC5C;IAEOC,KAAKA,CAACC,IAAwB;MACnC,IAAI,CAACC,kBAAkB,GAAGD,IAAI;MAC9B,IAAI,CAACL,QAAQ,GAAG,IAAI;MACpB,IAAI,CAACO,IAAI,EAAE;IACb;IAEOC,MAAMA,CAAA;MACX,IAAI,CAACF,kBAAkB,GAAGG,SAAS;MACnC,IAAI,CAACT,QAAQ,GAAG,KAAK;MACrB,IAAI,CAACO,IAAI,EAAE;IACb;IAEQA,IAAIA,CAAA;MACV,IAAI,CAACN,eAAe,CAACM,IAAI,CAAC,IAAI,CAACP,QAAQ,CAAC;IAC1C;;;yCAzBWF,cAAc;MAAA;IAAA;;;eAAdA,cAAc;QAAAY,OAAA,EAAdZ,cAAc,CAAAa,IAAA;QAAAC,UAAA,EAFb;MAAM;IAAA;;SAEPd,cAAc;AAAA",
      "ignoreList": []
    },
    "_coverageSchema": "1a1c01bbd47fc00a2c39e90264f33305004495a9",
    "hash": "2b1cfead1444d8462d9af16be59960bdcd7286e0"
  },
  "/Users/virginiebellec/VSCode/OC/projet_4_yoga_app/yoga-app-frontend/src/app/guards/unauth.guard.ts": {
    "path": "/Users/virginiebellec/VSCode/OC/projet_4_yoga_app/yoga-app-frontend/src/app/guards/unauth.guard.ts",
    "statementMap": {
      "0": {
        "start": {
          "line": 5,
          "column": 38
        },
        "end": {
          "line": 32,
          "column": 4
        }
      },
      "1": {
        "start": {
          "line": 8,
          "column": 6
        },
        "end": {
          "line": 8,
          "column": 51
        }
      },
      "2": {
        "start": {
          "line": 9,
          "column": 6
        },
        "end": {
          "line": 9,
          "column": 35
        }
      },
      "3": {
        "start": {
          "line": 12,
          "column": 6
        },
        "end": {
          "line": 15,
          "column": 7
        }
      },
      "4": {
        "start": {
          "line": 13,
          "column": 8
        },
        "end": {
          "line": 13,
          "column": 42
        }
      },
      "5": {
        "start": {
          "line": 14,
          "column": 8
        },
        "end": {
          "line": 14,
          "column": 21
        }
      },
      "6": {
        "start": {
          "line": 16,
          "column": 6
        },
        "end": {
          "line": 16,
          "column": 18
        }
      },
      "7": {
        "start": {
          "line": 19,
          "column": 6
        },
        "end": {
          "line": 21,
          "column": 8
        }
      },
      "8": {
        "start": {
          "line": 20,
          "column": 8
        },
        "end": {
          "line": 20,
          "column": 56
        }
      },
      "9": {
        "start": {
          "line": 24,
          "column": 6
        },
        "end": {
          "line": 28,
          "column": 9
        }
      },
      "10": {
        "start": {
          "line": 31,
          "column": 2
        },
        "end": {
          "line": 31,
          "column": 21
        }
      }
    },
    "fnMap": {
      "0": {
        "name": "(anonymous_0)",
        "decl": {
          "start": {
            "line": 5,
            "column": 39
          },
          "end": {
            "line": 5,
            "column": 40
          }
        },
        "loc": {
          "start": {
            "line": 5,
            "column": 45
          },
          "end": {
            "line": 32,
            "column": 1
          }
        },
        "line": 5
      },
      "1": {
        "name": "(anonymous_1)",
        "decl": {
          "start": {
            "line": 7,
            "column": 4
          },
          "end": {
            "line": 7,
            "column": 5
          }
        },
        "loc": {
          "start": {
            "line": 7,
            "column": 18
          },
          "end": {
            "line": 10,
            "column": 5
          }
        },
        "line": 7
      },
      "2": {
        "name": "(anonymous_2)",
        "decl": {
          "start": {
            "line": 11,
            "column": 4
          },
          "end": {
            "line": 11,
            "column": 5
          }
        },
        "loc": {
          "start": {
            "line": 11,
            "column": 18
          },
          "end": {
            "line": 17,
            "column": 5
          }
        },
        "line": 11
      },
      "3": {
        "name": "UnauthGuard_Factory",
        "decl": {
          "start": {
            "line": 19,
            "column": 27
          },
          "end": {
            "line": 19,
            "column": 46
          }
        },
        "loc": {
          "start": {
            "line": 19,
            "column": 66
          },
          "end": {
            "line": 21,
            "column": 7
          }
        },
        "line": 19
      }
    },
    "branchMap": {
      "0": {
        "loc": {
          "start": {
            "line": 12,
            "column": 6
          },
          "end": {
            "line": 15,
            "column": 7
          }
        },
        "type": "if",
        "locations": [
          {
            "start": {
              "line": 12,
              "column": 6
            },
            "end": {
              "line": 15,
              "column": 7
            }
          },
          {
            "start": {},
            "end": {}
          }
        ],
        "line": 12
      },
      "1": {
        "loc": {
          "start": {
            "line": 20,
            "column": 20
          },
          "end": {
            "line": 20,
            "column": 52
          }
        },
        "type": "binary-expr",
        "locations": [
          {
            "start": {
              "line": 20,
              "column": 20
            },
            "end": {
              "line": 20,
              "column": 37
            }
          },
          {
            "start": {
              "line": 20,
              "column": 41
            },
            "end": {
              "line": 20,
              "column": 52
            }
          }
        ],
        "line": 20
      }
    },
    "s": {
      "0": 15,
      "1": 15,
      "2": 15,
      "3": 20,
      "4": 0,
      "5": 0,
      "6": 20,
      "7": 15,
      "8": 15,
      "9": 15,
      "10": 15
    },
    "f": {
      "0": 15,
      "1": 15,
      "2": 20,
      "3": 15
    },
    "b": {
      "0": [
        0,
        20
      ],
      "1": [
        15,
        15
      ]
    },
    "inputSourceMap": {
      "version": 3,
      "names": [
        "inject",
        "Router",
        "SessionService",
        "UnauthGuard",
        "constructor",
        "sessionService",
        "router",
        "canActivate",
        "isLogged",
        "navigate",
        "factory",
        "ɵfac",
        "providedIn"
      ],
      "sources": [
        "/Users/virginiebellec/VSCode/OC/projet_4_yoga_app/yoga-app-frontend/src/app/guards/unauth.guard.ts"
      ],
      "sourcesContent": [
        "import { inject, Injectable } from \"@angular/core\";\nimport { CanActivate, Router } from \"@angular/router\";\nimport { SessionService } from \"../core/service/session.service\";\n\n@Injectable({providedIn: 'root'})\nexport class UnauthGuard implements CanActivate {\n\n  private readonly sessionService = inject(SessionService);\n  private readonly router = inject(Router);\n\n  public canActivate(): boolean {\n    if (this.sessionService.isLogged) {\n      this.router.navigate(['rentals']);\n      return false;\n    }\n    return true;\n  }\n}\n"
      ],
      "mappings": "AAAA,SAASA,MAAM,QAAoB,eAAe;AAClD,SAAsBC,MAAM,QAAQ,iBAAiB;AACrD,SAASC,cAAc,QAAQ,iCAAiC;;AAGhE,WAAaC,WAAW;EAAlB,MAAOA,WAAW;IADxBC,YAAA;MAGmB,KAAAC,cAAc,GAAGL,MAAM,CAACE,cAAc,CAAC;MACvC,KAAAI,MAAM,GAAGN,MAAM,CAACC,MAAM,CAAC;;IAEjCM,WAAWA,CAAA;MAChB,IAAI,IAAI,CAACF,cAAc,CAACG,QAAQ,EAAE;QAChC,IAAI,CAACF,MAAM,CAACG,QAAQ,CAAC,CAAC,SAAS,CAAC,CAAC;QACjC,OAAO,KAAK;MACd;MACA,OAAO,IAAI;IACb;;;yCAXWN,WAAW;MAAA;IAAA;;;eAAXA,WAAW;QAAAO,OAAA,EAAXP,WAAW,CAAAQ,IAAA;QAAAC,UAAA,EADC;MAAM;IAAA;;SAClBT,WAAW;AAAA",
      "ignoreList": []
    },
    "_coverageSchema": "1a1c01bbd47fc00a2c39e90264f33305004495a9",
    "hash": "26f5c9610f0587567e414876fd201d48f1b0ec2a"
  },
  "/Users/virginiebellec/VSCode/OC/projet_4_yoga_app/yoga-app-frontend/src/app/guards/auth.guard.ts": {
    "path": "/Users/virginiebellec/VSCode/OC/projet_4_yoga_app/yoga-app-frontend/src/app/guards/auth.guard.ts",
    "statementMap": {
      "0": {
        "start": {
          "line": 5,
          "column": 36
        },
        "end": {
          "line": 32,
          "column": 4
        }
      },
      "1": {
        "start": {
          "line": 8,
          "column": 6
        },
        "end": {
          "line": 8,
          "column": 35
        }
      },
      "2": {
        "start": {
          "line": 9,
          "column": 6
        },
        "end": {
          "line": 9,
          "column": 51
        }
      },
      "3": {
        "start": {
          "line": 12,
          "column": 6
        },
        "end": {
          "line": 15,
          "column": 7
        }
      },
      "4": {
        "start": {
          "line": 13,
          "column": 8
        },
        "end": {
          "line": 13,
          "column": 40
        }
      },
      "5": {
        "start": {
          "line": 14,
          "column": 8
        },
        "end": {
          "line": 14,
          "column": 21
        }
      },
      "6": {
        "start": {
          "line": 16,
          "column": 6
        },
        "end": {
          "line": 16,
          "column": 18
        }
      },
      "7": {
        "start": {
          "line": 19,
          "column": 6
        },
        "end": {
          "line": 21,
          "column": 8
        }
      },
      "8": {
        "start": {
          "line": 20,
          "column": 8
        },
        "end": {
          "line": 20,
          "column": 54
        }
      },
      "9": {
        "start": {
          "line": 24,
          "column": 6
        },
        "end": {
          "line": 28,
          "column": 9
        }
      },
      "10": {
        "start": {
          "line": 31,
          "column": 2
        },
        "end": {
          "line": 31,
          "column": 19
        }
      }
    },
    "fnMap": {
      "0": {
        "name": "(anonymous_0)",
        "decl": {
          "start": {
            "line": 5,
            "column": 37
          },
          "end": {
            "line": 5,
            "column": 38
          }
        },
        "loc": {
          "start": {
            "line": 5,
            "column": 43
          },
          "end": {
            "line": 32,
            "column": 1
          }
        },
        "line": 5
      },
      "1": {
        "name": "(anonymous_1)",
        "decl": {
          "start": {
            "line": 7,
            "column": 4
          },
          "end": {
            "line": 7,
            "column": 5
          }
        },
        "loc": {
          "start": {
            "line": 7,
            "column": 18
          },
          "end": {
            "line": 10,
            "column": 5
          }
        },
        "line": 7
      },
      "2": {
        "name": "(anonymous_2)",
        "decl": {
          "start": {
            "line": 11,
            "column": 4
          },
          "end": {
            "line": 11,
            "column": 5
          }
        },
        "loc": {
          "start": {
            "line": 11,
            "column": 18
          },
          "end": {
            "line": 17,
            "column": 5
          }
        },
        "line": 11
      },
      "3": {
        "name": "AuthGuard_Factory",
        "decl": {
          "start": {
            "line": 19,
            "column": 27
          },
          "end": {
            "line": 19,
            "column": 44
          }
        },
        "loc": {
          "start": {
            "line": 19,
            "column": 64
          },
          "end": {
            "line": 21,
            "column": 7
          }
        },
        "line": 19
      }
    },
    "branchMap": {
      "0": {
        "loc": {
          "start": {
            "line": 12,
            "column": 6
          },
          "end": {
            "line": 15,
            "column": 7
          }
        },
        "type": "if",
        "locations": [
          {
            "start": {
              "line": 12,
              "column": 6
            },
            "end": {
              "line": 15,
              "column": 7
            }
          },
          {
            "start": {},
            "end": {}
          }
        ],
        "line": 12
      },
      "1": {
        "loc": {
          "start": {
            "line": 20,
            "column": 20
          },
          "end": {
            "line": 20,
            "column": 50
          }
        },
        "type": "binary-expr",
        "locations": [
          {
            "start": {
              "line": 20,
              "column": 20
            },
            "end": {
              "line": 20,
              "column": 37
            }
          },
          {
            "start": {
              "line": 20,
              "column": 41
            },
            "end": {
              "line": 20,
              "column": 50
            }
          }
        ],
        "line": 20
      }
    },
    "s": {
      "0": 15,
      "1": 10,
      "2": 10,
      "3": 12,
      "4": 0,
      "5": 0,
      "6": 12,
      "7": 15,
      "8": 10,
      "9": 15,
      "10": 15
    },
    "f": {
      "0": 15,
      "1": 10,
      "2": 12,
      "3": 10
    },
    "b": {
      "0": [
        0,
        12
      ],
      "1": [
        10,
        10
      ]
    },
    "inputSourceMap": {
      "version": 3,
      "names": [
        "inject",
        "Router",
        "SessionService",
        "AuthGuard",
        "constructor",
        "router",
        "sessionService",
        "canActivate",
        "isLogged",
        "navigate",
        "factory",
        "ɵfac",
        "providedIn"
      ],
      "sources": [
        "/Users/virginiebellec/VSCode/OC/projet_4_yoga_app/yoga-app-frontend/src/app/guards/auth.guard.ts"
      ],
      "sourcesContent": [
        "import { inject, Injectable } from \"@angular/core\";\nimport { CanActivate, Router } from \"@angular/router\";\nimport { SessionService } from \"../core/service/session.service\";\n\n@Injectable({providedIn: 'root'})\nexport class AuthGuard implements CanActivate {\n\n  private readonly router = inject(Router);\n  private readonly sessionService = inject(SessionService);\n\n  public canActivate(): boolean {\n    if (!this.sessionService.isLogged) {\n      this.router.navigate(['login']);\n      return false;\n    }\n    return true;\n  }\n}\n"
      ],
      "mappings": "AAAA,SAASA,MAAM,QAAoB,eAAe;AAClD,SAAsBC,MAAM,QAAQ,iBAAiB;AACrD,SAASC,cAAc,QAAQ,iCAAiC;;AAGhE,WAAaC,SAAS;EAAhB,MAAOA,SAAS;IADtBC,YAAA;MAGmB,KAAAC,MAAM,GAAGL,MAAM,CAACC,MAAM,CAAC;MACvB,KAAAK,cAAc,GAAGN,MAAM,CAACE,cAAc,CAAC;;IAEjDK,WAAWA,CAAA;MAChB,IAAI,CAAC,IAAI,CAACD,cAAc,CAACE,QAAQ,EAAE;QACjC,IAAI,CAACH,MAAM,CAACI,QAAQ,CAAC,CAAC,OAAO,CAAC,CAAC;QAC/B,OAAO,KAAK;MACd;MACA,OAAO,IAAI;IACb;;;yCAXWN,SAAS;MAAA;IAAA;;;eAATA,SAAS;QAAAO,OAAA,EAATP,SAAS,CAAAQ,IAAA;QAAAC,UAAA,EADG;MAAM;IAAA;;SAClBT,SAAS;AAAA",
      "ignoreList": []
    },
    "_coverageSchema": "1a1c01bbd47fc00a2c39e90264f33305004495a9",
    "hash": "7a7dbccf599f7d6b8e86fb6f94622f45a9e569a0"
  },
  "/Users/virginiebellec/VSCode/OC/projet_4_yoga_app/yoga-app-frontend/src/app/core/service/user.service.ts": {
    "path": "/Users/virginiebellec/VSCode/OC/projet_4_yoga_app/yoga-app-frontend/src/app/core/service/user.service.ts",
    "statementMap": {
      "0": {
        "start": {
          "line": 4,
          "column": 38
        },
        "end": {
          "line": 30,
          "column": 4
        }
      },
      "1": {
        "start": {
          "line": 7,
          "column": 6
        },
        "end": {
          "line": 7,
          "column": 36
        }
      },
      "2": {
        "start": {
          "line": 8,
          "column": 6
        },
        "end": {
          "line": 8,
          "column": 43
        }
      },
      "3": {
        "start": {
          "line": 11,
          "column": 6
        },
        "end": {
          "line": 11,
          "column": 62
        }
      },
      "4": {
        "start": {
          "line": 14,
          "column": 6
        },
        "end": {
          "line": 14,
          "column": 65
        }
      },
      "5": {
        "start": {
          "line": 17,
          "column": 6
        },
        "end": {
          "line": 19,
          "column": 8
        }
      },
      "6": {
        "start": {
          "line": 18,
          "column": 8
        },
        "end": {
          "line": 18,
          "column": 56
        }
      },
      "7": {
        "start": {
          "line": 22,
          "column": 6
        },
        "end": {
          "line": 26,
          "column": 9
        }
      },
      "8": {
        "start": {
          "line": 29,
          "column": 2
        },
        "end": {
          "line": 29,
          "column": 21
        }
      }
    },
    "fnMap": {
      "0": {
        "name": "(anonymous_0)",
        "decl": {
          "start": {
            "line": 4,
            "column": 39
          },
          "end": {
            "line": 4,
            "column": 40
          }
        },
        "loc": {
          "start": {
            "line": 4,
            "column": 45
          },
          "end": {
            "line": 30,
            "column": 1
          }
        },
        "line": 4
      },
      "1": {
        "name": "(anonymous_1)",
        "decl": {
          "start": {
            "line": 6,
            "column": 4
          },
          "end": {
            "line": 6,
            "column": 5
          }
        },
        "loc": {
          "start": {
            "line": 6,
            "column": 18
          },
          "end": {
            "line": 9,
            "column": 5
          }
        },
        "line": 6
      },
      "2": {
        "name": "(anonymous_2)",
        "decl": {
          "start": {
            "line": 10,
            "column": 4
          },
          "end": {
            "line": 10,
            "column": 5
          }
        },
        "loc": {
          "start": {
            "line": 10,
            "column": 16
          },
          "end": {
            "line": 12,
            "column": 5
          }
        },
        "line": 10
      },
      "3": {
        "name": "(anonymous_3)",
        "decl": {
          "start": {
            "line": 13,
            "column": 4
          },
          "end": {
            "line": 13,
            "column": 5
          }
        },
        "loc": {
          "start": {
            "line": 13,
            "column": 15
          },
          "end": {
            "line": 15,
            "column": 5
          }
        },
        "line": 13
      },
      "4": {
        "name": "UserService_Factory",
        "decl": {
          "start": {
            "line": 17,
            "column": 27
          },
          "end": {
            "line": 17,
            "column": 46
          }
        },
        "loc": {
          "start": {
            "line": 17,
            "column": 66
          },
          "end": {
            "line": 19,
            "column": 7
          }
        },
        "line": 17
      }
    },
    "branchMap": {
      "0": {
        "loc": {
          "start": {
            "line": 18,
            "column": 20
          },
          "end": {
            "line": 18,
            "column": 52
          }
        },
        "type": "binary-expr",
        "locations": [
          {
            "start": {
              "line": 18,
              "column": 20
            },
            "end": {
              "line": 18,
              "column": 37
            }
          },
          {
            "start": {
              "line": 18,
              "column": 41
            },
            "end": {
              "line": 18,
              "column": 52
            }
          }
        ],
        "line": 18
      }
    },
    "s": {
      "0": 15,
      "1": 2,
      "2": 2,
      "3": 2,
      "4": 1,
      "5": 15,
      "6": 2,
      "7": 15,
      "8": 15
    },
    "f": {
      "0": 15,
      "1": 2,
      "2": 2,
      "3": 1,
      "4": 2
    },
    "b": {
      "0": [
        2,
        2
      ]
    },
    "inputSourceMap": {
      "version": 3,
      "names": [
        "HttpClient",
        "inject",
        "UserService",
        "constructor",
        "pathService",
        "httpClient",
        "getById",
        "id",
        "get",
        "delete",
        "factory",
        "ɵfac",
        "providedIn"
      ],
      "sources": [
        "/Users/virginiebellec/VSCode/OC/projet_4_yoga_app/yoga-app-frontend/src/app/core/service/user.service.ts"
      ],
      "sourcesContent": [
        "import { HttpClient } from '@angular/common/http';\nimport { inject, Injectable } from '@angular/core';\nimport { Observable } from 'rxjs';\nimport { User } from '../models/user.interface';\n\n@Injectable({\n  providedIn: 'root'\n})\nexport class UserService {\n\n  private readonly pathService = 'api/user';\n  private readonly httpClient = inject(HttpClient);\n\n  public getById(id: string): Observable<User> {\n    return this.httpClient.get<User>(`${this.pathService}/${id}`);\n  }\n\n  public delete(id: string): Observable<Object> {\n    return this.httpClient.delete(`${this.pathService}/${id}`);\n  }\n}\n"
      ],
      "mappings": "AAAA,SAASA,UAAU,QAAQ,sBAAsB;AACjD,SAASC,MAAM,QAAoB,eAAe;;AAOlD,WAAaC,WAAW;EAAlB,MAAOA,WAAW;IAHxBC,YAAA;MAKmB,KAAAC,WAAW,GAAG,UAAU;MACxB,KAAAC,UAAU,GAAGJ,MAAM,CAACD,UAAU,CAAC;;IAEzCM,OAAOA,CAACC,EAAU;MACvB,OAAO,IAAI,CAACF,UAAU,CAACG,GAAG,CAAO,GAAG,IAAI,CAACJ,WAAW,IAAIG,EAAE,EAAE,CAAC;IAC/D;IAEOE,MAAMA,CAACF,EAAU;MACtB,OAAO,IAAI,CAACF,UAAU,CAACI,MAAM,CAAC,GAAG,IAAI,CAACL,WAAW,IAAIG,EAAE,EAAE,CAAC;IAC5D;;;yCAXWL,WAAW;MAAA;IAAA;;;eAAXA,WAAW;QAAAQ,OAAA,EAAXR,WAAW,CAAAS,IAAA;QAAAC,UAAA,EAFV;MAAM;IAAA;;SAEPV,WAAW;AAAA",
      "ignoreList": []
    },
    "_coverageSchema": "1a1c01bbd47fc00a2c39e90264f33305004495a9",
    "hash": "ef357421e74ae8fcadc4aa5e729f9e63069c4ae4"
  },
  "/Users/virginiebellec/VSCode/OC/projet_4_yoga_app/yoga-app-frontend/src/app/shared/material.module.ts": {
    "path": "/Users/virginiebellec/VSCode/OC/projet_4_yoga_app/yoga-app-frontend/src/app/shared/material.module.ts",
    "statementMap": {
      "0": {
        "start": {
          "line": 30,
          "column": 24
        },
        "end": {
          "line": 30,
          "column": 517
        }
      },
      "1": {
        "start": {
          "line": 31,
          "column": 41
        },
        "end": {
          "line": 50,
          "column": 4
        }
      },
      "2": {
        "start": {
          "line": 34,
          "column": 6
        },
        "end": {
          "line": 36,
          "column": 8
        }
      },
      "3": {
        "start": {
          "line": 35,
          "column": 8
        },
        "end": {
          "line": 35,
          "column": 59
        }
      },
      "4": {
        "start": {
          "line": 39,
          "column": 6
        },
        "end": {
          "line": 41,
          "column": 9
        }
      },
      "5": {
        "start": {
          "line": 44,
          "column": 6
        },
        "end": {
          "line": 46,
          "column": 9
        }
      },
      "6": {
        "start": {
          "line": 49,
          "column": 2
        },
        "end": {
          "line": 49,
          "column": 24
        }
      }
    },
    "fnMap": {
      "0": {
        "name": "(anonymous_0)",
        "decl": {
          "start": {
            "line": 31,
            "column": 42
          },
          "end": {
            "line": 31,
            "column": 43
          }
        },
        "loc": {
          "start": {
            "line": 31,
            "column": 48
          },
          "end": {
            "line": 50,
            "column": 1
          }
        },
        "line": 31
      },
      "1": {
        "name": "MaterialModule_Factory",
        "decl": {
          "start": {
            "line": 34,
            "column": 27
          },
          "end": {
            "line": 34,
            "column": 49
          }
        },
        "loc": {
          "start": {
            "line": 34,
            "column": 69
          },
          "end": {
            "line": 36,
            "column": 7
          }
        },
        "line": 34
      }
    },
    "branchMap": {
      "0": {
        "loc": {
          "start": {
            "line": 35,
            "column": 20
          },
          "end": {
            "line": 35,
            "column": 55
          }
        },
        "type": "binary-expr",
        "locations": [
          {
            "start": {
              "line": 35,
              "column": 20
            },
            "end": {
              "line": 35,
              "column": 37
            }
          },
          {
            "start": {
              "line": 35,
              "column": 41
            },
            "end": {
              "line": 35,
              "column": 55
            }
          }
        ],
        "line": 35
      }
    },
    "s": {
      "0": 15,
      "1": 15,
      "2": 15,
      "3": 53,
      "4": 15,
      "5": 15,
      "6": 15
    },
    "f": {
      "0": 15,
      "1": 53
    },
    "b": {
      "0": [
        53,
        53
      ]
    },
    "inputSourceMap": {
      "version": 3,
      "names": [
        "OverlayModule",
        "CdkTreeModule",
        "PortalModule",
        "MatAutocompleteModule",
        "MatButtonModule",
        "MatButtonToggleModule",
        "MatCardModule",
        "MatCheckboxModule",
        "MatChipsModule",
        "MatRippleModule",
        "MatDividerModule",
        "MatExpansionModule",
        "MatFormFieldModule",
        "MatIconModule",
        "MatInputModule",
        "MatListModule",
        "MatMenuModule",
        "MatPaginatorModule",
        "MatProgressSpinnerModule",
        "MatSelectModule",
        "MatSidenavModule",
        "MatSnackBarModule",
        "MatSortModule",
        "MatTableModule",
        "MatTabsModule",
        "MatToolbarModule",
        "MatTreeModule",
        "ReactiveFormsModule",
        "materialModules",
        "MaterialModule"
      ],
      "sources": [
        "/Users/virginiebellec/VSCode/OC/projet_4_yoga_app/yoga-app-frontend/src/app/shared/material.module.ts"
      ],
      "sourcesContent": [
        "import { NgModule } from '@angular/core';\nimport { OverlayModule } from '@angular/cdk/overlay';\nimport { CdkTreeModule } from '@angular/cdk/tree';\nimport { PortalModule } from '@angular/cdk/portal';\nimport { MatAutocompleteModule } from '@angular/material/autocomplete';\nimport { MatButtonModule } from '@angular/material/button';\nimport { MatButtonToggleModule } from '@angular/material/button-toggle';\nimport { MatCardModule } from '@angular/material/card';\nimport { MatCheckboxModule } from '@angular/material/checkbox';\nimport { MatChipsModule } from '@angular/material/chips';\nimport { MatRippleModule } from '@angular/material/core';\nimport { MatDividerModule } from '@angular/material/divider';\nimport { MatExpansionModule } from '@angular/material/expansion';\nimport { MatFormFieldModule } from '@angular/material/form-field';\nimport { MatIconModule } from '@angular/material/icon';\nimport { MatInputModule } from '@angular/material/input';\nimport { MatListModule } from '@angular/material/list';\nimport { MatMenuModule } from '@angular/material/menu';\nimport { MatPaginatorModule } from '@angular/material/paginator';\nimport { MatProgressSpinnerModule } from '@angular/material/progress-spinner';\nimport { MatSelectModule } from '@angular/material/select';\nimport { MatSidenavModule } from '@angular/material/sidenav';\nimport { MatSnackBarModule } from '@angular/material/snack-bar';\nimport { MatSortModule } from '@angular/material/sort';\nimport { MatTableModule } from '@angular/material/table';\nimport { MatTabsModule } from '@angular/material/tabs';\nimport { MatToolbarModule } from '@angular/material/toolbar';\nimport { MatTreeModule } from '@angular/material/tree';\nimport { ReactiveFormsModule } from '@angular/forms';\n\nconst materialModules = [\n  ReactiveFormsModule,\n  CdkTreeModule,\n  MatAutocompleteModule,\n  MatButtonModule,\n  MatCardModule,\n  MatCheckboxModule,\n  MatChipsModule,\n  MatDividerModule,\n  MatExpansionModule,\n  MatIconModule,\n  MatInputModule,\n  MatListModule,\n  MatMenuModule,\n  MatProgressSpinnerModule,\n  MatPaginatorModule,\n  MatRippleModule,\n  MatSelectModule,\n  MatSidenavModule,\n  MatSnackBarModule,\n  MatSortModule,\n  MatTableModule,\n  MatTabsModule,\n  MatToolbarModule,\n  MatFormFieldModule,\n  MatButtonToggleModule,\n  MatTreeModule,\n  OverlayModule,\n  PortalModule\n];\n\n@NgModule({\n  imports: [\n    ...materialModules\n  ],\n  exports: [\n    ...materialModules\n  ],\n})\nexport class MaterialModule { }\n"
      ],
      "mappings": "AACA,SAASA,aAAa,QAAQ,sBAAsB;AACpD,SAASC,aAAa,QAAQ,mBAAmB;AACjD,SAASC,YAAY,QAAQ,qBAAqB;AAClD,SAASC,qBAAqB,QAAQ,gCAAgC;AACtE,SAASC,eAAe,QAAQ,0BAA0B;AAC1D,SAASC,qBAAqB,QAAQ,iCAAiC;AACvE,SAASC,aAAa,QAAQ,wBAAwB;AACtD,SAASC,iBAAiB,QAAQ,4BAA4B;AAC9D,SAASC,cAAc,QAAQ,yBAAyB;AACxD,SAASC,eAAe,QAAQ,wBAAwB;AACxD,SAASC,gBAAgB,QAAQ,2BAA2B;AAC5D,SAASC,kBAAkB,QAAQ,6BAA6B;AAChE,SAASC,kBAAkB,QAAQ,8BAA8B;AACjE,SAASC,aAAa,QAAQ,wBAAwB;AACtD,SAASC,cAAc,QAAQ,yBAAyB;AACxD,SAASC,aAAa,QAAQ,wBAAwB;AACtD,SAASC,aAAa,QAAQ,wBAAwB;AACtD,SAASC,kBAAkB,QAAQ,6BAA6B;AAChE,SAASC,wBAAwB,QAAQ,oCAAoC;AAC7E,SAASC,eAAe,QAAQ,0BAA0B;AAC1D,SAASC,gBAAgB,QAAQ,2BAA2B;AAC5D,SAASC,iBAAiB,QAAQ,6BAA6B;AAC/D,SAASC,aAAa,QAAQ,wBAAwB;AACtD,SAASC,cAAc,QAAQ,yBAAyB;AACxD,SAASC,aAAa,QAAQ,wBAAwB;AACtD,SAASC,gBAAgB,QAAQ,2BAA2B;AAC5D,SAASC,aAAa,QAAQ,wBAAwB;AACtD,SAASC,mBAAmB,QAAQ,gBAAgB;;AAEpD,MAAMC,eAAe,GAAG,CACtBD,mBAAmB,EACnB1B,aAAa,EACbE,qBAAqB,EACrBC,eAAe,EACfE,aAAa,EACbC,iBAAiB,EACjBC,cAAc,EACdE,gBAAgB,EAChBC,kBAAkB,EAClBE,aAAa,EACbC,cAAc,EACdC,aAAa,EACbC,aAAa,EACbE,wBAAwB,EACxBD,kBAAkB,EAClBR,eAAe,EACfU,eAAe,EACfC,gBAAgB,EAChBC,iBAAiB,EACjBC,aAAa,EACbC,cAAc,EACdC,aAAa,EACbC,gBAAgB,EAChBb,kBAAkB,EAClBP,qBAAqB,EACrBqB,aAAa,EACb1B,aAAa,EACbE,YAAY,CACb;AAUD,WAAa2B,cAAc;EAArB,MAAOA,cAAc;;;yCAAdA,cAAc;MAAA;IAAA;;;cAAdA;MAAc;IAAA;;;kBANpBD,eAAe,EAhCpBD,mBAAmB,EACnB1B,aAAa,EACbE,qBAAqB,EACrBC,eAAe,EACfE,aAAa,EACbC,iBAAiB,EACjBC,cAAc,EACdE,gBAAgB,EAChBC,kBAAkB,EAClBE,aAAa,EACbC,cAAc,EACdC,aAAa,EACbC,aAAa,EACbE,wBAAwB,EACxBD,kBAAkB,EAClBR,eAAe,EACfU,eAAe,EACfC,gBAAgB,EAChBC,iBAAiB,EACjBC,aAAa,EACbC,cAAc,EACdC,aAAa,EACbC,gBAAgB,EAChBb,kBAAkB,EAClBP,qBAAqB,EACrBqB,aAAa,EACb1B,aAAa,EACbE,YAAY;MAAA;IAAA;;SAWD2B,cAAc;AAAA",
      "ignoreList": []
    },
    "_coverageSchema": "1a1c01bbd47fc00a2c39e90264f33305004495a9",
    "hash": "ae93a7c956e22f65b6b93bf550d08f3900a590c7"
  },
  "/Users/virginiebellec/VSCode/OC/projet_4_yoga_app/yoga-app-frontend/src/app/components/me/me.component.ts": {
    "path": "/Users/virginiebellec/VSCode/OC/projet_4_yoga_app/yoga-app-frontend/src/app/components/me/me.component.ts",
    "statementMap": {
      "0": {
        "start": {
          "line": 17,
          "column": 2
        },
        "end": {
          "line": 21,
          "column": 3
        }
      },
      "1": {
        "start": {
          "line": 18,
          "column": 4
        },
        "end": {
          "line": 18,
          "column": 33
        }
      },
      "2": {
        "start": {
          "line": 19,
          "column": 4
        },
        "end": {
          "line": 19,
          "column": 34
        }
      },
      "3": {
        "start": {
          "line": 20,
          "column": 4
        },
        "end": {
          "line": 20,
          "column": 22
        }
      },
      "4": {
        "start": {
          "line": 24,
          "column": 2
        },
        "end": {
          "line": 41,
          "column": 3
        }
      },
      "5": {
        "start": {
          "line": 25,
          "column": 16
        },
        "end": {
          "line": 25,
          "column": 37
        }
      },
      "6": {
        "start": {
          "line": 26,
          "column": 4
        },
        "end": {
          "line": 26,
          "column": 43
        }
      },
      "7": {
        "start": {
          "line": 27,
          "column": 4
        },
        "end": {
          "line": 27,
          "column": 39
        }
      },
      "8": {
        "start": {
          "line": 28,
          "column": 4
        },
        "end": {
          "line": 28,
          "column": 22
        }
      },
      "9": {
        "start": {
          "line": 29,
          "column": 4
        },
        "end": {
          "line": 29,
          "column": 38
        }
      },
      "10": {
        "start": {
          "line": 30,
          "column": 4
        },
        "end": {
          "line": 34,
          "column": 7
        }
      },
      "11": {
        "start": {
          "line": 31,
          "column": 6
        },
        "end": {
          "line": 31,
          "column": 28
        }
      },
      "12": {
        "start": {
          "line": 32,
          "column": 21
        },
        "end": {
          "line": 32,
          "column": 40
        }
      },
      "13": {
        "start": {
          "line": 33,
          "column": 6
        },
        "end": {
          "line": 33,
          "column": 45
        }
      },
      "14": {
        "start": {
          "line": 35,
          "column": 4
        },
        "end": {
          "line": 35,
          "column": 37
        }
      },
      "15": {
        "start": {
          "line": 36,
          "column": 4
        },
        "end": {
          "line": 36,
          "column": 27
        }
      },
      "16": {
        "start": {
          "line": 37,
          "column": 4
        },
        "end": {
          "line": 37,
          "column": 22
        }
      },
      "17": {
        "start": {
          "line": 38,
          "column": 4
        },
        "end": {
          "line": 38,
          "column": 36
        }
      },
      "18": {
        "start": {
          "line": 39,
          "column": 4
        },
        "end": {
          "line": 39,
          "column": 27
        }
      },
      "19": {
        "start": {
          "line": 40,
          "column": 4
        },
        "end": {
          "line": 40,
          "column": 26
        }
      },
      "20": {
        "start": {
          "line": 44,
          "column": 2
        },
        "end": {
          "line": 65,
          "column": 3
        }
      },
      "21": {
        "start": {
          "line": 45,
          "column": 4
        },
        "end": {
          "line": 45,
          "column": 43
        }
      },
      "22": {
        "start": {
          "line": 46,
          "column": 4
        },
        "end": {
          "line": 46,
          "column": 17
        }
      },
      "23": {
        "start": {
          "line": 47,
          "column": 4
        },
        "end": {
          "line": 47,
          "column": 30
        }
      },
      "24": {
        "start": {
          "line": 48,
          "column": 4
        },
        "end": {
          "line": 48,
          "column": 22
        }
      },
      "25": {
        "start": {
          "line": 49,
          "column": 4
        },
        "end": {
          "line": 49,
          "column": 30
        }
      },
      "26": {
        "start": {
          "line": 50,
          "column": 4
        },
        "end": {
          "line": 50,
          "column": 17
        }
      },
      "27": {
        "start": {
          "line": 51,
          "column": 4
        },
        "end": {
          "line": 51,
          "column": 22
        }
      },
      "28": {
        "start": {
          "line": 52,
          "column": 4
        },
        "end": {
          "line": 52,
          "column": 156
        }
      },
      "29": {
        "start": {
          "line": 53,
          "column": 4
        },
        "end": {
          "line": 53,
          "column": 52
        }
      },
      "30": {
        "start": {
          "line": 54,
          "column": 4
        },
        "end": {
          "line": 54,
          "column": 33
        }
      },
      "31": {
        "start": {
          "line": 55,
          "column": 4
        },
        "end": {
          "line": 55,
          "column": 22
        }
      },
      "32": {
        "start": {
          "line": 56,
          "column": 4
        },
        "end": {
          "line": 56,
          "column": 18
        }
      },
      "33": {
        "start": {
          "line": 57,
          "column": 4
        },
        "end": {
          "line": 57,
          "column": 26
        }
      },
      "34": {
        "start": {
          "line": 58,
          "column": 4
        },
        "end": {
          "line": 58,
          "column": 22
        }
      },
      "35": {
        "start": {
          "line": 59,
          "column": 4
        },
        "end": {
          "line": 59,
          "column": 40
        }
      },
      "36": {
        "start": {
          "line": 60,
          "column": 4
        },
        "end": {
          "line": 60,
          "column": 35
        }
      },
      "37": {
        "start": {
          "line": 61,
          "column": 4
        },
        "end": {
          "line": 61,
          "column": 22
        }
      },
      "38": {
        "start": {
          "line": 62,
          "column": 4
        },
        "end": {
          "line": 62,
          "column": 18
        }
      },
      "39": {
        "start": {
          "line": 63,
          "column": 4
        },
        "end": {
          "line": 63,
          "column": 26
        }
      },
      "40": {
        "start": {
          "line": 64,
          "column": 4
        },
        "end": {
          "line": 64,
          "column": 26
        }
      },
      "41": {
        "start": {
          "line": 66,
          "column": 2
        },
        "end": {
          "line": 80,
          "column": 3
        }
      },
      "42": {
        "start": {
          "line": 67,
          "column": 19
        },
        "end": {
          "line": 67,
          "column": 37
        }
      },
      "43": {
        "start": {
          "line": 68,
          "column": 4
        },
        "end": {
          "line": 68,
          "column": 20
        }
      },
      "44": {
        "start": {
          "line": 69,
          "column": 4
        },
        "end": {
          "line": 69,
          "column": 112
        }
      },
      "45": {
        "start": {
          "line": 70,
          "column": 4
        },
        "end": {
          "line": 70,
          "column": 20
        }
      },
      "46": {
        "start": {
          "line": 71,
          "column": 4
        },
        "end": {
          "line": 71,
          "column": 60
        }
      },
      "47": {
        "start": {
          "line": 72,
          "column": 4
        },
        "end": {
          "line": 72,
          "column": 19
        }
      },
      "48": {
        "start": {
          "line": 73,
          "column": 4
        },
        "end": {
          "line": 73,
          "column": 49
        }
      },
      "49": {
        "start": {
          "line": 74,
          "column": 4
        },
        "end": {
          "line": 74,
          "column": 19
        }
      },
      "50": {
        "start": {
          "line": 75,
          "column": 4
        },
        "end": {
          "line": 75,
          "column": 50
        }
      },
      "51": {
        "start": {
          "line": 76,
          "column": 4
        },
        "end": {
          "line": 76,
          "column": 20
        }
      },
      "52": {
        "start": {
          "line": 77,
          "column": 4
        },
        "end": {
          "line": 77,
          "column": 93
        }
      },
      "53": {
        "start": {
          "line": 78,
          "column": 4
        },
        "end": {
          "line": 78,
          "column": 20
        }
      },
      "54": {
        "start": {
          "line": 79,
          "column": 4
        },
        "end": {
          "line": 79,
          "column": 94
        }
      },
      "55": {
        "start": {
          "line": 82,
          "column": 38
        },
        "end": {
          "line": 145,
          "column": 4
        }
      },
      "56": {
        "start": {
          "line": 85,
          "column": 6
        },
        "end": {
          "line": 85,
          "column": 35
        }
      },
      "57": {
        "start": {
          "line": 86,
          "column": 6
        },
        "end": {
          "line": 86,
          "column": 51
        }
      },
      "58": {
        "start": {
          "line": 87,
          "column": 6
        },
        "end": {
          "line": 87,
          "column": 45
        }
      },
      "59": {
        "start": {
          "line": 88,
          "column": 6
        },
        "end": {
          "line": 88,
          "column": 45
        }
      },
      "60": {
        "start": {
          "line": 89,
          "column": 6
        },
        "end": {
          "line": 89,
          "column": 43
        }
      },
      "61": {
        "start": {
          "line": 92,
          "column": 6
        },
        "end": {
          "line": 92,
          "column": 163
        }
      },
      "62": {
        "start": {
          "line": 92,
          "column": 145
        },
        "end": {
          "line": 92,
          "column": 161
        }
      },
      "63": {
        "start": {
          "line": 95,
          "column": 6
        },
        "end": {
          "line": 95,
          "column": 32
        }
      },
      "64": {
        "start": {
          "line": 98,
          "column": 6
        },
        "end": {
          "line": 104,
          "column": 9
        }
      },
      "65": {
        "start": {
          "line": 99,
          "column": 8
        },
        "end": {
          "line": 101,
          "column": 11
        }
      },
      "66": {
        "start": {
          "line": 102,
          "column": 8
        },
        "end": {
          "line": 102,
          "column": 37
        }
      },
      "67": {
        "start": {
          "line": 103,
          "column": 8
        },
        "end": {
          "line": 103,
          "column": 36
        }
      },
      "68": {
        "start": {
          "line": 107,
          "column": 6
        },
        "end": {
          "line": 109,
          "column": 8
        }
      },
      "69": {
        "start": {
          "line": 108,
          "column": 8
        },
        "end": {
          "line": 108,
          "column": 56
        }
      },
      "70": {
        "start": {
          "line": 112,
          "column": 6
        },
        "end": {
          "line": 141,
          "column": 9
        }
      },
      "71": {
        "start": {
          "line": 119,
          "column": 10
        },
        "end": {
          "line": 133,
          "column": 11
        }
      },
      "72": {
        "start": {
          "line": 120,
          "column": 12
        },
        "end": {
          "line": 120,
          "column": 108
        }
      },
      "73": {
        "start": {
          "line": 121,
          "column": 12
        },
        "end": {
          "line": 123,
          "column": 15
        }
      },
      "74": {
        "start": {
          "line": 122,
          "column": 14
        },
        "end": {
          "line": 122,
          "column": 32
        }
      },
      "75": {
        "start": {
          "line": 124,
          "column": 12
        },
        "end": {
          "line": 124,
          "column": 45
        }
      },
      "76": {
        "start": {
          "line": 125,
          "column": 12
        },
        "end": {
          "line": 125,
          "column": 39
        }
      },
      "77": {
        "start": {
          "line": 126,
          "column": 12
        },
        "end": {
          "line": 126,
          "column": 32
        }
      },
      "78": {
        "start": {
          "line": 127,
          "column": 12
        },
        "end": {
          "line": 127,
          "column": 39
        }
      },
      "79": {
        "start": {
          "line": 128,
          "column": 12
        },
        "end": {
          "line": 128,
          "column": 45
        }
      },
      "80": {
        "start": {
          "line": 129,
          "column": 12
        },
        "end": {
          "line": 129,
          "column": 34
        }
      },
      "81": {
        "start": {
          "line": 130,
          "column": 12
        },
        "end": {
          "line": 130,
          "column": 53
        }
      },
      "82": {
        "start": {
          "line": 131,
          "column": 12
        },
        "end": {
          "line": 131,
          "column": 85
        }
      },
      "83": {
        "start": {
          "line": 132,
          "column": 12
        },
        "end": {
          "line": 132,
          "column": 34
        }
      },
      "84": {
        "start": {
          "line": 134,
          "column": 10
        },
        "end": {
          "line": 137,
          "column": 11
        }
      },
      "85": {
        "start": {
          "line": 135,
          "column": 12
        },
        "end": {
          "line": 135,
          "column": 29
        }
      },
      "86": {
        "start": {
          "line": 136,
          "column": 12
        },
        "end": {
          "line": 136,
          "column": 49
        }
      },
      "87": {
        "start": {
          "line": 144,
          "column": 2
        },
        "end": {
          "line": 144,
          "column": 21
        }
      }
    },
    "fnMap": {
      "0": {
        "name": "MeComponent_Conditional_10_Conditional_6_Template",
        "decl": {
          "start": {
            "line": 16,
            "column": 9
          },
          "end": {
            "line": 16,
            "column": 58
          }
        },
        "loc": {
          "start": {
            "line": 16,
            "column": 68
          },
          "end": {
            "line": 22,
            "column": 1
          }
        },
        "line": 16
      },
      "1": {
        "name": "MeComponent_Conditional_10_Conditional_7_Template",
        "decl": {
          "start": {
            "line": 23,
            "column": 9
          },
          "end": {
            "line": 23,
            "column": 58
          }
        },
        "loc": {
          "start": {
            "line": 23,
            "column": 68
          },
          "end": {
            "line": 42,
            "column": 1
          }
        },
        "line": 23
      },
      "2": {
        "name": "MeComponent_Conditional_10_Conditional_7_Template_button_click_3_listener",
        "decl": {
          "start": {
            "line": 30,
            "column": 36
          },
          "end": {
            "line": 30,
            "column": 109
          }
        },
        "loc": {
          "start": {
            "line": 30,
            "column": 112
          },
          "end": {
            "line": 34,
            "column": 5
          }
        },
        "line": 30
      },
      "3": {
        "name": "MeComponent_Conditional_10_Template",
        "decl": {
          "start": {
            "line": 43,
            "column": 9
          },
          "end": {
            "line": 43,
            "column": 44
          }
        },
        "loc": {
          "start": {
            "line": 43,
            "column": 54
          },
          "end": {
            "line": 81,
            "column": 1
          }
        },
        "line": 43
      },
      "4": {
        "name": "(anonymous_4)",
        "decl": {
          "start": {
            "line": 82,
            "column": 39
          },
          "end": {
            "line": 82,
            "column": 40
          }
        },
        "loc": {
          "start": {
            "line": 82,
            "column": 45
          },
          "end": {
            "line": 145,
            "column": 1
          }
        },
        "line": 82
      },
      "5": {
        "name": "(anonymous_5)",
        "decl": {
          "start": {
            "line": 84,
            "column": 4
          },
          "end": {
            "line": 84,
            "column": 5
          }
        },
        "loc": {
          "start": {
            "line": 84,
            "column": 18
          },
          "end": {
            "line": 90,
            "column": 5
          }
        },
        "line": 84
      },
      "6": {
        "name": "(anonymous_6)",
        "decl": {
          "start": {
            "line": 91,
            "column": 4
          },
          "end": {
            "line": 91,
            "column": 5
          }
        },
        "loc": {
          "start": {
            "line": 91,
            "column": 15
          },
          "end": {
            "line": 93,
            "column": 5
          }
        },
        "line": 91
      },
      "7": {
        "name": "(anonymous_7)",
        "decl": {
          "start": {
            "line": 92,
            "column": 137
          },
          "end": {
            "line": 92,
            "column": 138
          }
        },
        "loc": {
          "start": {
            "line": 92,
            "column": 145
          },
          "end": {
            "line": 92,
            "column": 161
          }
        },
        "line": 92
      },
      "8": {
        "name": "(anonymous_8)",
        "decl": {
          "start": {
            "line": 94,
            "column": 4
          },
          "end": {
            "line": 94,
            "column": 5
          }
        },
        "loc": {
          "start": {
            "line": 94,
            "column": 11
          },
          "end": {
            "line": 96,
            "column": 5
          }
        },
        "line": 94
      },
      "9": {
        "name": "(anonymous_9)",
        "decl": {
          "start": {
            "line": 97,
            "column": 4
          },
          "end": {
            "line": 97,
            "column": 5
          }
        },
        "loc": {
          "start": {
            "line": 97,
            "column": 13
          },
          "end": {
            "line": 105,
            "column": 5
          }
        },
        "line": 97
      },
      "10": {
        "name": "(anonymous_10)",
        "decl": {
          "start": {
            "line": 98,
            "column": 136
          },
          "end": {
            "line": 98,
            "column": 137
          }
        },
        "loc": {
          "start": {
            "line": 98,
            "column": 142
          },
          "end": {
            "line": 104,
            "column": 7
          }
        },
        "line": 98
      },
      "11": {
        "name": "MeComponent_Factory",
        "decl": {
          "start": {
            "line": 107,
            "column": 27
          },
          "end": {
            "line": 107,
            "column": 46
          }
        },
        "loc": {
          "start": {
            "line": 107,
            "column": 66
          },
          "end": {
            "line": 109,
            "column": 7
          }
        },
        "line": 107
      },
      "12": {
        "name": "MeComponent_Template",
        "decl": {
          "start": {
            "line": 118,
            "column": 27
          },
          "end": {
            "line": 118,
            "column": 47
          }
        },
        "loc": {
          "start": {
            "line": 118,
            "column": 57
          },
          "end": {
            "line": 138,
            "column": 9
          }
        },
        "line": 118
      },
      "13": {
        "name": "MeComponent_Template_button_click_4_listener",
        "decl": {
          "start": {
            "line": 121,
            "column": 44
          },
          "end": {
            "line": 121,
            "column": 88
          }
        },
        "loc": {
          "start": {
            "line": 121,
            "column": 91
          },
          "end": {
            "line": 123,
            "column": 13
          }
        },
        "line": 121
      }
    },
    "branchMap": {
      "0": {
        "loc": {
          "start": {
            "line": 17,
            "column": 2
          },
          "end": {
            "line": 21,
            "column": 3
          }
        },
        "type": "if",
        "locations": [
          {
            "start": {
              "line": 17,
              "column": 2
            },
            "end": {
              "line": 21,
              "column": 3
            }
          },
          {
            "start": {},
            "end": {}
          }
        ],
        "line": 17
      },
      "1": {
        "loc": {
          "start": {
            "line": 24,
            "column": 2
          },
          "end": {
            "line": 41,
            "column": 3
          }
        },
        "type": "if",
        "locations": [
          {
            "start": {
              "line": 24,
              "column": 2
            },
            "end": {
              "line": 41,
              "column": 3
            }
          },
          {
            "start": {},
            "end": {}
          }
        ],
        "line": 24
      },
      "2": {
        "loc": {
          "start": {
            "line": 44,
            "column": 2
          },
          "end": {
            "line": 65,
            "column": 3
          }
        },
        "type": "if",
        "locations": [
          {
            "start": {
              "line": 44,
              "column": 2
            },
            "end": {
              "line": 65,
              "column": 3
            }
          },
          {
            "start": {},
            "end": {}
          }
        ],
        "line": 44
      },
      "3": {
        "loc": {
          "start": {
            "line": 66,
            "column": 2
          },
          "end": {
            "line": 80,
            "column": 3
          }
        },
        "type": "if",
        "locations": [
          {
            "start": {
              "line": 66,
              "column": 2
            },
            "end": {
              "line": 80,
              "column": 3
            }
          },
          {
            "start": {},
            "end": {}
          }
        ],
        "line": 66
      },
      "4": {
        "loc": {
          "start": {
            "line": 73,
            "column": 21
          },
          "end": {
            "line": 73,
            "column": 47
          }
        },
        "type": "cond-expr",
        "locations": [
          {
            "start": {
              "line": 73,
              "column": 41
            },
            "end": {
              "line": 73,
              "column": 42
            }
          },
          {
            "start": {
              "line": 73,
              "column": 45
            },
            "end": {
              "line": 73,
              "column": 47
            }
          }
        ],
        "line": 73
      },
      "5": {
        "loc": {
          "start": {
            "line": 75,
            "column": 21
          },
          "end": {
            "line": 75,
            "column": 48
          }
        },
        "type": "cond-expr",
        "locations": [
          {
            "start": {
              "line": 75,
              "column": 42
            },
            "end": {
              "line": 75,
              "column": 43
            }
          },
          {
            "start": {
              "line": 75,
              "column": 46
            },
            "end": {
              "line": 75,
              "column": 48
            }
          }
        ],
        "line": 75
      },
      "6": {
        "loc": {
          "start": {
            "line": 108,
            "column": 20
          },
          "end": {
            "line": 108,
            "column": 52
          }
        },
        "type": "binary-expr",
        "locations": [
          {
            "start": {
              "line": 108,
              "column": 20
            },
            "end": {
              "line": 108,
              "column": 37
            }
          },
          {
            "start": {
              "line": 108,
              "column": 41
            },
            "end": {
              "line": 108,
              "column": 52
            }
          }
        ],
        "line": 108
      },
      "7": {
        "loc": {
          "start": {
            "line": 119,
            "column": 10
          },
          "end": {
            "line": 133,
            "column": 11
          }
        },
        "type": "if",
        "locations": [
          {
            "start": {
              "line": 119,
              "column": 10
            },
            "end": {
              "line": 133,
              "column": 11
            }
          },
          {
            "start": {},
            "end": {}
          }
        ],
        "line": 119
      },
      "8": {
        "loc": {
          "start": {
            "line": 134,
            "column": 10
          },
          "end": {
            "line": 137,
            "column": 11
          }
        },
        "type": "if",
        "locations": [
          {
            "start": {
              "line": 134,
              "column": 10
            },
            "end": {
              "line": 137,
              "column": 11
            }
          },
          {
            "start": {},
            "end": {}
          }
        ],
        "line": 134
      },
      "9": {
        "loc": {
          "start": {
            "line": 136,
            "column": 29
          },
          "end": {
            "line": 136,
            "column": 47
          }
        },
        "type": "cond-expr",
        "locations": [
          {
            "start": {
              "line": 136,
              "column": 40
            },
            "end": {
              "line": 136,
              "column": 42
            }
          },
          {
            "start": {
              "line": 136,
              "column": 45
            },
            "end": {
              "line": 136,
              "column": 47
            }
          }
        ],
        "line": 136
      }
    },
    "s": {
      "0": 2,
      "1": 1,
      "2": 1,
      "3": 1,
      "4": 3,
      "5": 1,
      "6": 1,
      "7": 1,
      "8": 1,
      "9": 1,
      "10": 1,
      "11": 1,
      "12": 1,
      "13": 1,
      "14": 1,
      "15": 1,
      "16": 1,
      "17": 1,
      "18": 1,
      "19": 1,
      "20": 5,
      "21": 2,
      "22": 2,
      "23": 2,
      "24": 2,
      "25": 2,
      "26": 2,
      "27": 2,
      "28": 2,
      "29": 2,
      "30": 2,
      "31": 2,
      "32": 2,
      "33": 2,
      "34": 2,
      "35": 2,
      "36": 2,
      "37": 2,
      "38": 2,
      "39": 2,
      "40": 2,
      "41": 5,
      "42": 3,
      "43": 3,
      "44": 3,
      "45": 3,
      "46": 3,
      "47": 3,
      "48": 3,
      "49": 3,
      "50": 3,
      "51": 3,
      "52": 3,
      "53": 3,
      "54": 3,
      "55": 15,
      "56": 2,
      "57": 2,
      "58": 2,
      "59": 2,
      "60": 2,
      "61": 2,
      "62": 2,
      "63": 0,
      "64": 1,
      "65": 1,
      "66": 1,
      "67": 1,
      "68": 15,
      "69": 2,
      "70": 15,
      "71": 7,
      "72": 2,
      "73": 2,
      "74": 0,
      "75": 2,
      "76": 2,
      "77": 2,
      "78": 2,
      "79": 2,
      "80": 2,
      "81": 2,
      "82": 2,
      "83": 2,
      "84": 7,
      "85": 5,
      "86": 5,
      "87": 15
    },
    "f": {
      "0": 2,
      "1": 3,
      "2": 1,
      "3": 5,
      "4": 15,
      "5": 2,
      "6": 2,
      "7": 2,
      "8": 0,
      "9": 1,
      "10": 1,
      "11": 2,
      "12": 7,
      "13": 0
    },
    "b": {
      "0": [
        1,
        1
      ],
      "1": [
        1,
        2
      ],
      "2": [
        2,
        3
      ],
      "3": [
        3,
        2
      ],
      "4": [
        1,
        2
      ],
      "5": [
        2,
        1
      ],
      "6": [
        2,
        2
      ],
      "7": [
        2,
        5
      ],
      "8": [
        5,
        2
      ],
      "9": [
        3,
        2
      ]
    },
    "inputSourceMap": {
      "version": 3,
      "names": [
        "inject",
        "DestroyRef",
        "MatSnackBar",
        "Router",
        "SessionService",
        "UserService",
        "MaterialModule",
        "CommonModule",
        "takeUntilDestroyed",
        "FlexLayoutModule",
        "i0",
        "ɵɵelementStart",
        "ɵɵtext",
        "ɵɵelementEnd",
        "ɵɵlistener",
        "MeComponent_Conditional_10_Conditional_7_Template_button_click_3_listener",
        "ɵɵrestoreView",
        "_r1",
        "ctx_r1",
        "ɵɵnextContext",
        "ɵɵresetView",
        "delete",
        "ɵɵtemplate",
        "MeComponent_Conditional_10_Conditional_6_Template",
        "MeComponent_Conditional_10_Conditional_7_Template",
        "ɵɵadvance",
        "ɵɵtextInterpolate2",
        "user",
        "firstName",
        "ɵɵpipeBind1",
        "lastName",
        "ɵɵtextInterpolate1",
        "email",
        "ɵɵconditional",
        "admin",
        "ɵɵpipeBind2",
        "createdAt",
        "updatedAt",
        "MeComponent",
        "constructor",
        "router",
        "sessionService",
        "matSnackBar",
        "userService",
        "destroyRef",
        "ngOnInit",
        "getById",
        "sessionInformation",
        "id",
        "toString",
        "pipe",
        "subscribe",
        "back",
        "globalThis",
        "history",
        "open",
        "duration",
        "logOut",
        "navigate",
        "selectors",
        "decls",
        "vars",
        "consts",
        "template",
        "MeComponent_Template",
        "rf",
        "ctx",
        "MeComponent_Template_button_click_4_listener",
        "MeComponent_Conditional_10_Template",
        "i1",
        "UpperCasePipe",
        "DatePipe",
        "i2",
        "MatButton",
        "MatIconButton",
        "i3",
        "MatCard",
        "MatCardContent",
        "MatCardTitle",
        "i4",
        "MatIcon",
        "i5",
        "DefaultLayoutDirective",
        "DefaultLayoutAlignDirective",
        "encapsulation"
      ],
      "sources": [
        "/Users/virginiebellec/VSCode/OC/projet_4_yoga_app/yoga-app-frontend/src/app/components/me/me.component.ts",
        "/Users/virginiebellec/VSCode/OC/projet_4_yoga_app/yoga-app-frontend/src/app/components/me/me.component.html"
      ],
      "sourcesContent": [
        "import { Component, OnInit, inject, DestroyRef } from '@angular/core';\nimport { MatSnackBar } from '@angular/material/snack-bar';\nimport { Router } from '@angular/router';\nimport { User } from '../../core/models/user.interface';\nimport { SessionService } from '../../core/service/session.service';\nimport { UserService } from '../../core/service/user.service';\nimport { MaterialModule } from \"../../shared/material.module\";\nimport { CommonModule } from \"@angular/common\";\nimport { takeUntilDestroyed } from \"@angular/core/rxjs-interop\";\nimport { FlexLayoutModule } from \"@angular/flex-layout\";\n\n@Component({\n  selector: 'app-me',\n  imports: [CommonModule, MaterialModule, FlexLayoutModule],\n  templateUrl: './me.component.html',\n  styleUrls: ['./me.component.scss']\n})\nexport class MeComponent implements OnInit {\n  private readonly router = inject(Router);\n  private readonly sessionService = inject(SessionService);\n  private readonly matSnackBar = inject(MatSnackBar);\n  private readonly userService = inject(UserService);\n  private readonly destroyRef = inject(DestroyRef);\n  public user: User | undefined;\n\n  ngOnInit(): void {\n    this.userService\n      .getById(this.sessionService.sessionInformation!.id.toString())\n      .pipe(takeUntilDestroyed(this.destroyRef))\n      .subscribe((user: User) => this.user = user);\n  }\n\n  public back(): void {\n    globalThis.history.back();\n  }\n\n  public delete(): void {\n    this.userService\n      .delete(this.sessionService.sessionInformation!.id.toString())\n      .pipe(takeUntilDestroyed(this.destroyRef))\n      .subscribe(() => {\n        this.matSnackBar.open(\"Your account has been deleted !\", 'Close', { duration: 3000 });\n        this.sessionService.logOut();\n        this.router.navigate(['/']);\n      })\n  }\n}\n",
        "<div class=\"m3\">\n  <mat-card>\n    <mat-card-title>\n      <div fxLayout=\"row\" fxLayoutAlign=\"start center\">\n        <button mat-icon-button (click)=\"back()\">\n          <mat-icon>arrow_back</mat-icon>\n        </button>\n        <h1>User information</h1>\n      </div>\n    </mat-card-title>\n    <mat-card-content>\n      @if (user) {\n        <div fxLayout=\"column\" fxLayoutAlign=\"start center\">\n          <p>Name: {{ user.firstName }} {{ user.lastName | uppercase }}</p>\n          <p>Email: {{ user.email }}</p>\n          @if (user.admin) {\n            <p class=\"my2\">You are admin</p>\n          }\n          @if (!user.admin) {\n            <div fxLayout=\"column\" class=\"my2\" fxLayoutAlign=\"center center\">\n              <p>Delete my account:</p>\n              <button mat-raised-button color=\"warn\" (click)=\"delete()\">\n                <mat-icon>delete</mat-icon>\n                <span class=\"ml1\">Detail</span>\n              </button>\n            </div>\n          }\n          <div fxLayoutAlign=\"space-between center\" class=\"p2 w100\">\n            <p><i>Create at: </i> {{ user.createdAt | date: 'longDate'}}</p>\n            <p><i>Last update: </i> {{ user.updatedAt| date: 'longDate'}}</p>\n          </div>\n        </div>\n      }\n    </mat-card-content>\n  </mat-card>\n</div>\n"
      ],
[...]
      },
      "26": {
        "start": {
          "line": 51,
          "column": 6
        },
        "end": {
          "line": 51,
          "column": 35
        }
      },
      "27": {
        "start": {
          "line": 52,
          "column": 6
        },
        "end": {
          "line": 52,
          "column": 33
        }
      },
      "28": {
        "start": {
          "line": 55,
          "column": 6
        },
        "end": {
          "line": 57,
          "column": 8
        }
      },
      "29": {
        "start": {
          "line": 56,
          "column": 8
        },
        "end": {
          "line": 56,
          "column": 57
        }
      },
      "30": {
        "start": {
          "line": 60,
          "column": 6
        },
        "end": {
          "line": 86,
          "column": 9
        }
      },
      "31": {
        "start": {
          "line": 67,
          "column": 10
        },
        "end": {
          "line": 78,
          "column": 11
        }
      },
      "32": {
        "start": {
          "line": 68,
          "column": 12
        },
        "end": {
          "line": 68,
          "column": 75
        }
      },
      "33": {
        "start": {
          "line": 69,
          "column": 12
        },
        "end": {
          "line": 69,
          "column": 37
        }
      },
      "34": {
        "start": {
          "line": 70,
          "column": 12
        },
        "end": {
          "line": 70,
          "column": 30
        }
      },
      "35": {
        "start": {
          "line": 71,
          "column": 12
        },
        "end": {
          "line": 71,
          "column": 79
        }
      },
      "36": {
        "start": {
          "line": 72,
          "column": 12
        },
        "end": {
          "line": 72,
          "column": 34
        }
      },
      "37": {
        "start": {
          "line": 73,
          "column": 12
        },
        "end": {
          "line": 73,
          "column": 79
        }
      },
      "38": {
        "start": {
          "line": 74,
          "column": 12
        },
        "end": {
          "line": 74,
          "column": 30
        }
      },
      "39": {
        "start": {
          "line": 75,
          "column": 12
        },
        "end": {
          "line": 75,
          "column": 40
        }
      },
      "40": {
        "start": {
          "line": 76,
          "column": 12
        },
        "end": {
          "line": 76,
          "column": 45
        }
      },
      "41": {
        "start": {
          "line": 77,
          "column": 12
        },
        "end": {
          "line": 77,
          "column": 32
        }
      },
      "42": {
        "start": {
          "line": 79,
          "column": 10
        },
        "end": {
          "line": 82,
          "column": 11
        }
      },
      "43": {
        "start": {
          "line": 80,
          "column": 12
        },
        "end": {
          "line": 80,
          "column": 28
        }
      },
      "44": {
        "start": {
          "line": 81,
          "column": 12
        },
        "end": {
          "line": 81,
          "column": 76
        }
      },
      "45": {
        "start": {
          "line": 89,
          "column": 2
        },
        "end": {
          "line": 89,
          "column": 22
        }
      }
    },
    "fnMap": {
      "0": {
        "name": "AppComponent_Conditional_4_Template",
        "decl": {
          "start": {
            "line": 12,
            "column": 9
          },
          "end": {
            "line": 12,
            "column": 44
          }
        },
        "loc": {
          "start": {
            "line": 12,
            "column": 54
          },
          "end": {
            "line": 30,
            "column": 1
          }
        },
        "line": 12
      },
      "1": {
        "name": "AppComponent_Conditional_4_Template_span_click_5_listener",
        "decl": {
          "start": {
            "line": 22,
            "column": 36
          },
          "end": {
            "line": 22,
            "column": 93
          }
        },
        "loc": {
          "start": {
            "line": 22,
            "column": 96
          },
          "end": {
            "line": 26,
            "column": 5
          }
        },
        "line": 22
      },
      "2": {
        "name": "AppComponent_Conditional_6_Template",
        "decl": {
          "start": {
            "line": 31,
            "column": 9
          },
          "end": {
            "line": 31,
            "column": 44
          }
        },
        "loc": {
          "start": {
            "line": 31,
            "column": 54
          },
          "end": {
            "line": 40,
            "column": 1
          }
        },
        "line": 31
      },
      "3": {
        "name": "(anonymous_3)",
        "decl": {
          "start": {
            "line": 41,
            "column": 40
          },
          "end": {
            "line": 41,
            "column": 41
          }
        },
        "loc": {
          "start": {
            "line": 41,
            "column": 46
          },
          "end": {
            "line": 90,
            "column": 1
          }
        },
        "line": 41
      },
      "4": {
        "name": "(anonymous_4)",
        "decl": {
          "start": {
            "line": 43,
            "column": 4
          },
          "end": {
            "line": 43,
            "column": 5
          }
        },
        "loc": {
          "start": {
            "line": 43,
            "column": 18
          },
          "end": {
            "line": 46,
            "column": 5
          }
        },
        "line": 43
      },
      "5": {
        "name": "(anonymous_5)",
        "decl": {
          "start": {
            "line": 47,
            "column": 4
          },
          "end": {
            "line": 47,
            "column": 5
          }
        },
        "loc": {
          "start": {
            "line": 47,
            "column": 16
          },
          "end": {
            "line": 49,
            "column": 5
          }
        },
        "line": 47
      },
      "6": {
        "name": "(anonymous_6)",
        "decl": {
          "start": {
            "line": 50,
            "column": 4
          },
          "end": {
            "line": 50,
            "column": 5
          }
        },
        "loc": {
          "start": {
            "line": 50,
            "column": 13
          },
          "end": {
            "line": 53,
            "column": 5
          }
        },
        "line": 50
      },
      "7": {
        "name": "AppComponent_Factory",
        "decl": {
          "start": {
            "line": 55,
            "column": 27
          },
          "end": {
            "line": 55,
            "column": 47
          }
        },
        "loc": {
          "start": {
            "line": 55,
            "column": 67
          },
          "end": {
            "line": 57,
            "column": 7
          }
        },
        "line": 55
      },
      "8": {
        "name": "AppComponent_Template",
        "decl": {
          "start": {
            "line": 66,
            "column": 27
          },
          "end": {
            "line": 66,
            "column": 48
          }
        },
        "loc": {
          "start": {
            "line": 66,
            "column": 58
          },
          "end": {
            "line": 83,
            "column": 9
          }
        },
        "line": 66
      }
    },
    "branchMap": {
      "0": {
        "loc": {
          "start": {
            "line": 13,
            "column": 2
          },
          "end": {
            "line": 29,
            "column": 3
          }
        },
        "type": "if",
        "locations": [
          {
            "start": {
              "line": 13,
              "column": 2
            },
            "end": {
              "line": 29,
              "column": 3
            }
          },
          {
            "start": {},
            "end": {}
          }
        ],
        "line": 13
      },
      "1": {
        "loc": {
          "start": {
            "line": 32,
            "column": 2
          },
          "end": {
            "line": 39,
            "column": 3
          }
        },
        "type": "if",
        "locations": [
          {
            "start": {
              "line": 32,
              "column": 2
            },
            "end": {
              "line": 39,
              "column": 3
            }
          },
          {
            "start": {},
            "end": {}
          }
        ],
        "line": 32
      },
      "2": {
        "loc": {
          "start": {
            "line": 56,
            "column": 20
          },
          "end": {
            "line": 56,
            "column": 53
          }
        },
        "type": "binary-expr",
        "locations": [
          {
            "start": {
              "line": 56,
              "column": 20
            },
            "end": {
              "line": 56,
              "column": 37
            }
          },
          {
            "start": {
              "line": 56,
              "column": 41
            },
            "end": {
              "line": 56,
              "column": 53
            }
          }
        ],
        "line": 56
      },
      "3": {
        "loc": {
          "start": {
            "line": 67,
            "column": 10
          },
          "end": {
            "line": 78,
            "column": 11
          }
        },
        "type": "if",
        "locations": [
          {
            "start": {
              "line": 67,
              "column": 10
            },
            "end": {
              "line": 78,
              "column": 11
            }
          },
          {
            "start": {},
            "end": {}
          }
        ],
        "line": 67
      },
      "4": {
        "loc": {
          "start": {
            "line": 79,
            "column": 10
          },
          "end": {
            "line": 82,
            "column": 11
          }
        },
        "type": "if",
        "locations": [
          {
            "start": {
              "line": 79,
              "column": 10
            },
            "end": {
              "line": 82,
              "column": 11
            }
          },
          {
            "start": {},
            "end": {}
          }
        ],
        "line": 79
      },
      "5": {
        "loc": {
          "start": {
            "line": 81,
            "column": 29
          },
          "end": {
            "line": 81,
            "column": 74
          }
        },
        "type": "cond-expr",
        "locations": [
          {
            "start": {
              "line": 81,
              "column": 69
            },
            "end": {
              "line": 81,
              "column": 70
            }
          },
          {
            "start": {
              "line": 81,
              "column": 73
            },
            "end": {
              "line": 81,
              "column": 74
            }
          }
        ],
        "line": 81
      }
    },
    "s": {
      "0": 246,
      "1": 10,
      "2": 10,
      "3": 10,
      "4": 10,
      "5": 10,
      "6": 10,
      "7": 10,
      "8": 10,
      "9": 10,
      "10": 1,
      "11": 1,
      "12": 1,
      "13": 10,
      "14": 10,
      "15": 483,
      "16": 17,
      "17": 17,
      "18": 17,
      "19": 17,
      "20": 17,
      "21": 17,
      "22": 15,
      "23": 15,
      "24": 15,
      "25": 702,
      "26": 1,
      "27": 1,
      "28": 15,
      "29": 15,
      "30": 15,
      "31": 717,
      "32": 15,
      "33": 15,
      "34": 15,
      "35": 15,
      "36": 15,
      "37": 15,
      "38": 15,
      "39": 15,
      "40": 15,
      "41": 15,
      "42": 717,
      "43": 702,
      "44": 702,
      "45": 15
    },
    "f": {
      "0": 246,
      "1": 1,
      "2": 483,
      "3": 15,
      "4": 15,
      "5": 702,
      "6": 1,
      "7": 15,
      "8": 717
    },
    "b": {
      "0": [
        10,
        236
      ],
      "1": [
        17,
        466
      ],
      "2": [
        15,
        15
      ],
      "3": [
        15,
        702
      ],
      "4": [
        702,
        15
      ],
      "5": [
        236,
        466
      ]
    },
    "inputSourceMap": {
      "version": 3,
      "names": [
        "inject",
        "Router",
        "RouterModule",
        "RouterOutlet",
        "SessionService",
        "CommonModule",
        "MaterialModule",
        "FlexLayoutModule",
        "i0",
        "ɵɵelementStart",
        "ɵɵtext",
        "ɵɵelementEnd",
        "ɵɵlistener",
        "AppComponent_Conditional_4_Template_span_click_5_listener",
        "ɵɵrestoreView",
        "_r1",
        "ctx_r1",
        "ɵɵnextContext",
        "ɵɵresetView",
        "logout",
        "AppComponent",
        "constructor",
        "router",
        "sessionService",
        "$isLogged",
        "logOut",
        "navigate",
        "selectors",
        "decls",
        "vars",
        "consts",
        "template",
        "AppComponent_Template",
        "rf",
        "ctx",
        "ɵɵtemplate",
        "AppComponent_Conditional_4_Template",
        "AppComponent_Conditional_6_Template",
        "ɵɵelement",
        "ɵɵadvance",
        "ɵɵconditional",
        "ɵɵpipeBind1",
        "i1",
        "AsyncPipe",
        "i2",
        "MatToolbar",
        "i3",
        "RouterLink",
        "RouterLinkActive",
        "i4",
        "DefaultLayoutDirective",
        "DefaultLayoutAlignDirective",
        "styles"
      ],
      "sources": [
        "/Users/virginiebellec/VSCode/OC/projet_4_yoga_app/yoga-app-frontend/src/app/app.component.ts",
        "/Users/virginiebellec/VSCode/OC/projet_4_yoga_app/yoga-app-frontend/src/app/app.component.html"
      ],
      "sourcesContent": [
        "import { Component, inject } from '@angular/core';\nimport { Router, RouterModule, RouterOutlet } from '@angular/router';\nimport { Observable } from 'rxjs';\nimport { SessionService } from './core/service/session.service';\nimport { CommonModule } from \"@angular/common\";\nimport { MaterialModule } from \"./shared/material.module\";\nimport { FlexLayoutModule } from \"@angular/flex-layout\";\n\n@Component({\n  selector: 'app-root',\n  imports: [CommonModule, MaterialModule, RouterOutlet, RouterModule, FlexLayoutModule],\n  templateUrl: './app.component.html',\n  styleUrls: ['./app.component.scss']\n})\nexport class AppComponent {\n  private readonly router = inject(Router);\n  private readonly sessionService = inject(SessionService);\n\n  public $isLogged(): Observable<boolean> {\n    return this.sessionService.$isLogged();\n  }\n\n  public logout(): void {\n    this.sessionService.logOut();\n    this.router.navigate([''])\n  }\n}\n",
        "<div class=\"app\">\n  <mat-toolbar color=\"primary\" fxLayout=\"row\" fxLayoutAlign=\"space-between center\">\n    <span>Yoga app</span>\n    @if ($isLogged() | async) {\n      <div>\n        <span routerLink=\"sessions\" class=\"link\">Sessions</span>\n        <span routerLink=\"me\" class=\"link\">Account</span>\n        <span (click)=\"logout()\" class=\"link\">Logout</span>\n      </div>\n    } @else {\n      <div>\n        <a  routerLink=\"/login\" routerLinkActive=\"active\" class=\"link\">Login</a>\n        <a routerLink=\"/register\" routerLinkActive=\"active\" class=\"link\">Register</a>\n      </div>\n    }\n  </mat-toolbar>\n  <div>\n    <router-outlet></router-outlet>\n  </div>\n</div>\n"
      ],
      "mappings": "AAAA,SAAoBA,MAAM,QAAQ,eAAe;AACjD,SAASC,MAAM,EAAEC,YAAY,EAAEC,YAAY,QAAQ,iBAAiB;AAEpE,SAASC,cAAc,QAAQ,gCAAgC;AAC/D,SAASC,YAAY,QAAQ,iBAAiB;AAC9C,SAASC,cAAc,QAAQ,0BAA0B;AACzD,SAASC,gBAAgB,QAAQ,sBAAsB;;;;;;;;;ICD/CC,EADF,CAAAC,cAAA,UAAK,cACsC;IAAAD,EAAA,CAAAE,MAAA,eAAQ;IAAAF,EAAA,CAAAG,YAAA,EAAO;IACxDH,EAAA,CAAAC,cAAA,cAAmC;IAAAD,EAAA,CAAAE,MAAA,cAAO;IAAAF,EAAA,CAAAG,YAAA,EAAO;IACjDH,EAAA,CAAAC,cAAA,cAAsC;IAAhCD,EAAA,CAAAI,UAAA,mBAAAC,0DAAA;MAAAL,EAAA,CAAAM,aAAA,CAAAC,GAAA;MAAA,MAAAC,MAAA,GAAAR,EAAA,CAAAS,aAAA;MAAA,OAAAT,EAAA,CAAAU,WAAA,CAASF,MAAA,CAAAG,MAAA,EAAQ;IAAA,EAAC;IAAcX,EAAA,CAAAE,MAAA,aAAM;IAC9CF,EAD8C,CAAAG,YAAA,EAAO,EAC/C;;;;;IAGJH,EADF,CAAAC,cAAA,UAAK,WAC4D;IAAAD,EAAA,CAAAE,MAAA,YAAK;IAAAF,EAAA,CAAAG,YAAA,EAAI;IACxEH,EAAA,CAAAC,cAAA,WAAiE;IAAAD,EAAA,CAAAE,MAAA,eAAQ;IAC3EF,EAD2E,CAAAG,YAAA,EAAI,EACzE;;;ADCZ,WAAaS,YAAY;EAAnB,MAAOA,YAAY;IANzBC,YAAA;MAOmB,KAAAC,MAAM,GAAGtB,MAAM,CAACC,MAAM,CAAC;MACvB,KAAAsB,cAAc,GAAGvB,MAAM,CAACI,cAAc,CAAC;;IAEjDoB,SAASA,CAAA;MACd,OAAO,IAAI,CAACD,cAAc,CAACC,SAAS,EAAE;IACxC;IAEOL,MAAMA,CAAA;MACX,IAAI,CAACI,cAAc,CAACE,MAAM,EAAE;MAC5B,IAAI,CAACH,MAAM,CAACI,QAAQ,CAAC,CAAC,EAAE,CAAC,CAAC;IAC5B;;;yCAXWN,YAAY;MAAA;IAAA;;;cAAZA,YAAY;QAAAO,SAAA;QAAAC,KAAA;QAAAC,IAAA;QAAAC,MAAA;QAAAC,QAAA,WAAAC,sBAAAC,EAAA,EAAAC,GAAA;UAAA,IAAAD,EAAA;YCZrBzB,EAFJ,CAAAC,cAAA,aAAiB,qBACkE,WACzE;YAAAD,EAAA,CAAAE,MAAA,eAAQ;YAAAF,EAAA,CAAAG,YAAA,EAAO;YACrBH,EAAA,CAAA2B,UAAA,IAAAC,mCAAA,cAA2B;;YAMzB5B,EAAA,CAAA2B,UAAA,IAAAE,mCAAA,cAAO;YAMX7B,EAAA,CAAAG,YAAA,EAAc;YACdH,EAAA,CAAAC,cAAA,UAAK;YACHD,EAAA,CAAA8B,SAAA,oBAA+B;YAEnC9B,EADE,CAAAG,YAAA,EAAM,EACF;;;YAhBFH,EAAA,CAAA+B,SAAA,GAWC;YAXD/B,EAAA,CAAAgC,aAAA,CAAAhC,EAAA,CAAAiC,WAAA,OAAAP,GAAA,CAAAV,SAAA,YAWC;;;uBDJOnB,YAAY,EAAAqC,EAAA,CAAAC,SAAA,EAAErC,cAAc,EAAAsC,EAAA,CAAAC,UAAA,EAAE1C,YAAY,EAAED,YAAY,EAAA4C,EAAA,CAAAC,UAAA,EAAAD,EAAA,CAAAE,gBAAA,EAAEzC,gBAAgB,EAAA0C,EAAA,CAAAC,sBAAA,EAAAD,EAAA,CAAAE,2BAAA;QAAAC,MAAA;MAAA;IAAA;;SAIzEhC,YAAY;AAAA",
      "ignoreList": []
    },
    "_coverageSchema": "1a1c01bbd47fc00a2c39e90264f33305004495a9",
    "hash": "cdb055790ce9752f78c51a86e7df31dee8624c2b"
  },
  "/Users/virginiebellec/VSCode/OC/projet_4_yoga_app/yoga-app-frontend/src/main.ts": {
    "path": "/Users/virginiebellec/VSCode/OC/projet_4_yoga_app/yoga-app-frontend/src/main.ts",
    "statementMap": {
      "0": {
        "start": {
          "line": 4,
          "column": 0
        },
        "end": {
          "line": 4,
          "column": 79
        }
      },
      "1": {
        "start": {
          "line": 4,
          "column": 59
        },
        "end": {
          "line": 4,
          "column": 77
        }
      }
    },
    "fnMap": {
      "0": {
        "name": "(anonymous_0)",
        "decl": {
          "start": {
            "line": 4,
            "column": 52
          },
          "end": {
            "line": 4,
            "column": 53
          }
        },
        "loc": {
          "start": {
            "line": 4,
            "column": 59
          },
          "end": {
            "line": 4,
            "column": 77
          }
        },
        "line": 4
      }
    },
    "branchMap": {},
    "s": {
      "0": 15,
      "1": 0
    },
    "f": {
      "0": 0
    },
    "b": {},
    "inputSourceMap": {
      "version": 3,
      "names": [
        "bootstrapApplication",
        "appConfig",
        "AppComponent",
        "catch",
        "err",
        "console",
        "error"
      ],
      "sources": [
        "/Users/virginiebellec/VSCode/OC/projet_4_yoga_app/yoga-app-frontend/src/main.ts"
      ],
      "sourcesContent": [
        "import { bootstrapApplication } from '@angular/platform-browser';\nimport { appConfig } from './app/app.config';\nimport { AppComponent } from './app/app.component';\n\nbootstrapApplication(AppComponent, appConfig)\n  .catch((err) => console.error(err));\n"
      ],
      "mappings": "AAAA,SAASA,oBAAoB,QAAQ,2BAA2B;AAChE,SAASC,SAAS,QAAQ,kBAAkB;AAC5C,SAASC,YAAY,QAAQ,qBAAqB;AAElDF,oBAAoB,CAACE,YAAY,EAAED,SAAS,CAAC,CAC1CE,KAAK,CAAEC,GAAG,IAAKC,OAAO,CAACC,KAAK,CAACF,GAAG,CAAC,CAAC",
      "ignoreList": []
    },
    "_coverageSchema": "1a1c01bbd47fc00a2c39e90264f33305004495a9",
    "hash": "da134bd07e5651158edd750617955d85389dafad"
  }
}